2026-07-03T23:55:29Z INF Thank you for trying Cloudflare Tunnel. Doing so, without a Cloudflare account, is a quick way to experiment and try it out. However, be aware that these account-less Tunnels have no uptime guarantee, are subject to the Cloudflare Online Services Terms of Use (https://www.cloudflare.com/website-terms/), and Cloudflare reserves the right to investigate your use of Tunnels for violations of such terms. If you intend to use Tunnels in production you should use a pre-created named tunnel by following: https://developers.cloudflare.com/cloudflare-one/connections/connect-apps
2026-07-03T23:55:29Z INF Requesting new quick Tunnel on trycloudflare.com...
2026-07-03T23:55:33Z INF +--------------------------------------------------------------------------------------------+
2026-07-03T23:55:33Z INF |  Your quick Tunnel has been created! Visit it at (it may take some time to be reachable):  |
2026-07-03T23:55:33Z INF |  https://fallen-automation-recipe-holly.trycloudflare.com                                  |
2026-07-03T23:55:33Z INF +--------------------------------------------------------------------------------------------+
2026-07-03T23:55:33Z INF Version 2026.5.0 (Checksum 0095e46fdc88855d801c4d304cb1f5dd4bd656116c47ab94c2ad0ae7cda1c7ec)
2026-07-03T23:55:33Z INF GOOS: linux, GOVersion: go1.26.2, GoArch: amd64
2026-07-03T23:55:33Z INF Settings: map[ha-connections:1 protocol:quic url:http://localhost:3000]
2026-07-03T23:55:33Z INF cloudflared will not automatically update if installed by a package manager.
2026-07-03T23:55:33Z INF Generated Connector ID: 57c0d413-2e88-4eff-a2de-c0948830a51e
2026-07-03T23:55:33Z INF Initial protocol quic
2026-07-03T23:55:33Z INF ICMP proxy will use 192.168.1.108 as source for IPv4
2026-07-03T23:55:33Z INF ICMP proxy will use 2603:900a:18f0:8fe0::1689 in zone wlp2s0 as source for IPv6
2026-07-03T23:55:33Z INF ICMP proxy will use 192.168.1.108 as source for IPv4
2026-07-03T23:55:33Z INF ICMP proxy will use 2603:900a:18f0:8fe0::1689 in zone wlp2s0 as source for IPv6
2026-07-03T23:55:33Z INF Starting metrics server on 127.0.0.1:20243/metrics
2026-07-03T23:55:33Z INF Tunnel connection curve preferences: [X25519MLKEM768 CurveID(65074) CurveP256] connIndex=0 event=0 ip=2606:4700:a8::1
2026/07/03 19:55:33 failed to sufficiently increase receive buffer size (was: 208 kiB, wanted: 7168 kiB, got: 416 kiB). See https://github.com/quic-go/quic-go/wiki/UDP-Buffer-Sizes for details.
2026-07-03T23:55:33Z INF Registered tunnel connection connIndex=0 connection=151681f1-a7fc-4ffc-9d4a-c64f3baabc85 event=0 ip=2606:4700:a8::1 location=ord07 protocol=quic
2026-07-03T23:55:42Z INF Initiating graceful shutdown due to signal terminated ...
2026-07-03T23:55:42Z ERR failed to run the datagram handler error="context canceled" connIndex=0 event=0 ip=2606:4700:a8::1
2026-07-03T23:55:42Z ERR failed to serve tunnel connection error="accept stream listener encountered a failure while serving" connIndex=0 event=0 ip=2606:4700:a8::1
2026-07-03T23:55:42Z ERR Serve tunnel error error="accept stream listener encountered a failure while serving" connIndex=0 event=0 ip=2606:4700:a8::1
2026-07-03T23:55:42Z INF Retrying connection in up to 1s connIndex=0 event=0 ip=2606:4700:a8::1
2026-07-03T23:55:42Z ERR Connection terminated connIndex=0
2026-07-03T23:55:42Z ERR no more connections active and exiting
2026-07-03T23:55:42Z INF Tunnel server stopped
2026-07-03T23:55:42Z INF Metrics server stopped
